<?xml version="1.0" encoding="UTF-8"?>
<testng-results skipped="0" failed="0" total="1" passed="1">
  <reporter-output>
  </reporter-output>
  <suite name="Command line suite" duration-ms="40" started-at="2018-06-17T11:40:30Z" finished-at="2018-06-17T11:40:30Z">
    <groups>
    </groups>
    <test name="Command line test" duration-ms="40" started-at="2018-06-17T11:40:30Z" finished-at="2018-06-17T11:40:30Z">
      <class name="testsPackage.SimpleTest">
        <test-method status="PASS" signature="initialTest()[pri:0, instance:testsPackage.SimpleTest@2669b199]" name="initialTest" duration-ms="15" started-at="2018-06-17T14:40:30Z" finished-at="2018-06-17T14:40:30Z">
          <reporter-output>
          </reporter-output>
        </test-method> <!-- initialTest -->
      </class> <!-- testsPackage.SimpleTest -->
    </test> <!-- Command line test -->
  </suite> <!-- Command line suite -->
</testng-results>
