<?xml version="1.0" encoding="UTF-8"?>
<testng-results skipped="0" failed="0" total="1" passed="1">
  <reporter-output>
  </reporter-output>
  <suite name="Suite" duration-ms="64" started-at="2018-06-17T10:29:36Z" finished-at="2018-06-17T10:29:36Z">
    <groups>
    </groups>
    <test name="Test" duration-ms="64" started-at="2018-06-17T10:29:36Z" finished-at="2018-06-17T10:29:36Z">
      <class name="testsPackage.SimpleTest">
        <test-method status="PASS" signature="initialTest()[pri:0, instance:testsPackage.SimpleTest@4c70fda8]" name="initialTest" duration-ms="30" started-at="2018-06-17T13:29:36Z" finished-at="2018-06-17T13:29:36Z">
          <reporter-output>
          </reporter-output>
        </test-method> <!-- initialTest -->
      </class> <!-- testsPackage.SimpleTest -->
    </test> <!-- Test -->
  </suite> <!-- Suite -->
</testng-results>
